#
# There is insufficient memory for the Java Runtime Environment to continue.
# Native memory allocation (malloc) failed to allocate 967216 bytes for Chunk::new
# Possible reasons:
#   The system is out of physical RAM or swap space
#   In 32 bit mode, the process size limit was hit
# Possible solutions:
#   Reduce memory load on the system
#   Increase physical memory or swap space
#   Check if swap backing store is full
#   Use 64 bit Java on a 64 bit OS
#   Decrease Java heap size (-Xmx/-Xms)
#   Decrease number of Java threads
#   Decrease Java thread stack sizes (-Xss)
#   Set larger code cache with -XX:ReservedCodeCacheSize=
# This output file may be truncated or incomplete.
#
#  Out of Memory Error (allocation.cpp:390), pid=12856, tid=6044
#
# JRE version: Java(TM) SE Runtime Environment (8.0_60-b27) (build 1.8.0_60-b27)
# Java VM: Java HotSpot(TM) 64-Bit Server VM (25.60-b23 mixed mode windows-amd64 compressed oops)
# Failed to write core dump. Minidumps are not enabled by default on client versions of Windows
#

---------------  T H R E A D  ---------------

Current thread (0x00000000146ea800):  JavaThread "C2 CompilerThread0" daemon [_thread_in_native, id=6044, stack(0x0000000015d50000,0x0000000015e50000)]

Stack: [0x0000000015d50000,0x0000000015e50000]
[error occurred during error reporting (printing stack bounds), id 0xc0000005]

Native frames: (J=compiled Java code, j=interpreted, Vv=VM code, C=native code)


Current CompileTask:
C2:   1292 1285       4       com.android.dx.dex.code.OutputFinisher::addConstants (93 bytes)


---------------  P R O C E S S  ---------------

Java Threads: ( => current thread )
  0x0000000016056000 JavaThread "Service Thread" daemon [_thread_blocked, id=9808, stack(0x0000000016450000,0x0000000016550000)]
  0x000000001474d800 JavaThread "C1 CompilerThread2" daemon [_thread_blocked, id=6804, stack(0x0000000015f50000,0x0000000016050000)]
  0x000000001474a800 JavaThread "C2 CompilerThread1" daemon [_thread_blocked, id=8680, stack(0x0000000015e50000,0x0000000015f50000)]
=>0x00000000146ea800 JavaThread "C2 CompilerThread0" daemon [_thread_in_native, id=6044, stack(0x0000000015d50000,0x0000000015e50000)]
  0x00000000146e8800 JavaThread "Attach Listener" daemon [_thread_blocked, id=7484, stack(0x0000000015c50000,0x0000000015d50000)]
  0x0000000001f91800 JavaThread "Finalizer" daemon [_thread_blocked, id=8608, stack(0x0000000015950000,0x0000000015a50000)]
  0x0000000001f8e000 JavaThread "Reference Handler" daemon [_thread_blocked, id=1344, stack(0x0000000015850000,0x0000000015950000)]

Other Threads:
  0x00000000146b8000 VMThread [stack: 0x0000000015750000,0x0000000015850000] [id=14052]

VM state:at safepoint (normal execution)

VM Mutex/Monitor currently owned by a thread:  ([mutex/lock_event])
[0x000000000201ceb0] Threads_lock - owner thread: 0x00000000146b8000
[0x000000000201c930] Heap_lock - owner thread: 0x000000000201d800

Heap:
 PSYoungGen      total 38400K, used 13750K [0x00000000eab00000, 0x00000000ed580000, 0x0000000100000000)
  eden space 33280K, 25% used [0x00000000eab00000,0x00000000eb372098,0x00000000ecb80000)
  from space 5120K, 99% used [0x00000000ecb80000,0x00000000ed07b990,0x00000000ed080000)
  to   space 5120K, 0% used [0x00000000ed080000,0x00000000ed080000,0x00000000ed580000)
 ParOldGen       total 87552K, used 1210K [0x00000000c0000000, 0x00000000c5580000, 0x00000000eab00000)
  object space 87552K, 1% used [0x00000000c0000000,0x00000000c012ea88,0x00000000c5580000)
 Metaspace       used 6590K, capacity 7288K, committed 7424K, reserved 1056768K
  class space    used 656K, capacity 688K, committed 768K, reserved 1048576K

Card table byte_map: [0x00000000113e0000,0x00000000115f0000] byte_map_base: 0x0000000010de0000

Marking Bits: (ParMarkBitMap*) 0x0000000077f7a5b0
 Begin Bits: [0x0000000011b50000, 0x0000000012b50000)
 End Bits:   [0x0000000012b50000, 0x0000000013b50000)

Polling page: 0x0000000000750000

CodeCache: size=245760Kb used=5671Kb max_used=5671Kb free=240088Kb
 bounds [0x0000000002020000, 0x00000000025b0000, 0x0000000011020000]
 total_blobs=1816 nmethods=1540 adapters=189
 compilation: enabled

Compilation events (10 events):
Event: 1.251 Thread 0x000000001474d800 1553       2       java.lang.Integer::reverseBytes (26 bytes)
Event: 1.251 Thread 0x000000001474d800 nmethod 1553 0x00000000025a8610 code [0x00000000025a8760, 0x00000000025a88b0]
Event: 1.252 Thread 0x000000001474d800 1554       2       sun.security.provider.SHA::implCompress (491 bytes)
Event: 1.253 Thread 0x000000001474d800 nmethod 1554 0x00000000025a8910 code [0x00000000025a8ae0, 0x00000000025a9248]
Event: 1.265 Thread 0x000000001474d800 1556 %     3       sun.security.provider.SHA::implCompress @ 364 (491 bytes)
Event: 1.266 Thread 0x000000001474d800 nmethod 1556% 0x00000000025a9a90 code [0x00000000025a9c80, 0x00000000025aa668]
Event: 1.266 Thread 0x000000001474d800 1557       3       sun.security.provider.SHA::implCompress (491 bytes)
Event: 1.267 Thread 0x000000001474d800 nmethod 1557 0x00000000025ab090 code [0x00000000025ab280, 0x00000000025abb68]
Event: 1.268 Thread 0x000000001474d800 1558       2       sun.security.provider.ByteArrayAccess::b2iBig64 (614 bytes)
Event: 1.269 Thread 0x000000001474d800 nmethod 1558 0x00000000025ac3d0 code [0x00000000025ac560, 0x00000000025accc8]

GC Heap History (2 events):
Event: 0.980 GC heap before
{Heap before GC invocations=1 (full 0):
 PSYoungGen      total 38400K, used 33280K [0x00000000eab00000, 0x00000000ed580000, 0x0000000100000000)
  eden space 33280K, 100% used [0x00000000eab00000,0x00000000ecb80000,0x00000000ecb80000)
  from space 5120K, 0% used [0x00000000ed080000,0x00000000ed080000,0x00000000ed580000)
  to   space 5120K, 0% used [0x00000000ecb80000,0x00000000ecb80000,0x00000000ed080000)
 ParOldGen       total 87552K, used 0K [0x00000000c0000000, 0x00000000c5580000, 0x00000000eab00000)
  object space 87552K, 0% used [0x00000000c0000000,0x00000000c0000000,0x00000000c5580000)
 Metaspace       used 5962K, capacity 6962K, committed 7040K, reserved 1056768K
  class space    used 603K, capacity 618K, committed 640K, reserved 1048576K
Event: 0.991 GC heap after
Heap after GC invocations=1 (full 0):
 PSYoungGen      total 38400K, used 5102K [0x00000000eab00000, 0x00000000ed580000, 0x0000000100000000)
  eden space 33280K, 0% used [0x00000000eab00000,0x00000000eab00000,0x00000000ecb80000)
  from space 5120K, 99% used [0x00000000ecb80000,0x00000000ed07b990,0x00000000ed080000)
  to   space 5120K, 0% used [0x00000000ed080000,0x00000000ed080000,0x00000000ed580000)
 ParOldGen       total 87552K, used 1210K [0x00000000c0000000, 0x00000000c5580000, 0x00000000eab00000)
  object space 87552K, 1% used [0x00000000c0000000,0x00000000c012ea88,0x00000000c5580000)
 Metaspace       used 5962K, capacity 6962K, committed 7040K, reserved 1056768K
  class space    used 603K, capacity 618K, committed 640K, reserved 1048576K
}

Deoptimization events (10 events):
Event: 1.079 Thread 0x00000000161b3800 Uncommon trap: reason=class_check action=maybe_recompile pc=0x00000000023a504c method=java.util.HashMap.putVal(ILjava/lang/Object;Ljava/lang/Object;ZZ)Ljava/lang/Object; @ 203
Event: 1.080 Thread 0x00000000161b3800 Uncommon trap: reason=unstable_if action=reinterpret pc=0x00000000023a5020 method=java.util.HashMap.putVal(ILjava/lang/Object;Ljava/lang/Object;ZZ)Ljava/lang/Object; @ 94
Event: 1.098 Thread 0x00000000161b3800 Uncommon trap: reason=bimorphic action=maybe_recompile pc=0x000000000234f0ac method=java.util.HashMap.getNode(ILjava/lang/Object;)Ljava/util/HashMap$Node; @ 126
Event: 1.142 Thread 0x00000000161b3800 Uncommon trap: reason=speculate_class_check action=maybe_recompile pc=0x00000000023e14a0 method=com.android.dx.util.FixedSizeList.equals(Ljava/lang/Object;)Z @ 25
Event: 1.142 Thread 0x00000000161b3800 Uncommon trap: reason=unstable_if action=reinterpret pc=0x00000000023e4848 method=java.util.Arrays.equals([Ljava/lang/Object;[Ljava/lang/Object;)Z @ 23
Event: 1.146 Thread 0x00000000161b3800 Uncommon trap: reason=speculate_class_check action=maybe_recompile pc=0x00000000023e14a0 method=com.android.dx.util.FixedSizeList.equals(Ljava/lang/Object;)Z @ 25
Event: 1.146 Thread 0x00000000161b3800 Uncommon trap: reason=speculate_class_check action=maybe_recompile pc=0x00000000023e14a0 method=com.android.dx.util.FixedSizeList.equals(Ljava/lang/Object;)Z @ 25
Event: 1.146 Thread 0x00000000161b3800 Uncommon trap: reason=speculate_class_check action=maybe_recompile pc=0x00000000023e14a0 method=com.android.dx.util.FixedSizeList.equals(Ljava/lang/Object;)Z @ 25
Event: 1.244 Thread 0x00000000161b3800 Uncommon trap: reason=unstable_if action=reinterpret pc=0x000000000224784c method=java.lang.String.indexOf([CII[CIII)I @ 3
Event: 1.245 Thread 0x00000000161b3800 Uncommon trap: reason=unstable_if action=reinterpret pc=0x00000000023647ec method=java.util.Arrays.copyOf([Ljava/lang/Object;ILjava/lang/Class;)[Ljava/lang/Object; @ 3

Internal exceptions (3 events):
Event: 0.063 Thread 0x000000000201d800 Exception <a 'java/lang/NoSuchMethodError': Method sun.misc.Unsafe.defineClass(Ljava/lang/String;[BII)Ljava/lang/Class; name or signature does not match> (0x00000000eab0db40) thrown at [C:\re\workspace\8-2-build-windows-amd64-cygwin\jdk8u60\4407\hotspot\sr‚Þdø!°?
Event: 0.063 Thread 0x000000000201d800 Exception <a 'java/lang/NoSuchMethodError': Method sun.misc.Unsafe.prefetchRead(Ljava/lang/Object;J)V name or signature does not match> (0x00000000eab0de28) thrown at [C:\re\workspace\8-2-build-windows-amd64-cygwin\jdk8u60\4407\hotspot\src\share\vm\prims\jRfÃÚüÚê?
Event: 0.839 Thread 0x00000000161b4000 Implicit null exception at 0x0000000002323762 to 0x000000000232385a

Events (10 events):
Event: 1.271 loading class java/util/zip/Adler32 done
Event: 1.274 Thread 0x00000000161b3800 Thread exited: 0x00000000161b3800
Event: 1.280 Thread 0x000000000201d800 Thread exited: 0x000000000201d800
Event: 1.280 Thread 0x000000000201d800 Thread added: 0x000000000201d800
Event: 1.280 loading class java/lang/Shutdown
Event: 1.280 loading class java/lang/Shutdown done
Event: 1.280 loading class java/lang/Shutdown$Lock
Event: 1.280 loading class java/lang/Shutdown$Lock done
Event: 1.280 Thread 0x00000000146e7000 Thread exited: 0x00000000146e7000
Event: 1.280 Thread 0x000000000201d800 Thread exited: 0x000000000201d800


Dynamic libraries:
0x00007ff7d1980000 - 0x00007ff7d19b7000 	C:\Program Files\Java\jdk1.8.0_60\bin\java.exe
0x00007ff80d6d0000 - 0x00007ff80d892000 	C:\WINDOWS\SYSTEM32\ntdll.dll
0x00007ff80d620000 - 0x00007ff80d6cd000 	C:\WINDOWS\system32\KERNEL32.DLL
0x00007ff80a550000 - 0x00007ff80a72d000 	C:\WINDOWS\system32\KERNELBASE.dll
0x00007ff80b490000 - 0x00007ff80b536000 	C:\WINDOWS\system32\ADVAPI32.dll
0x00007ff80bb50000 - 0x00007ff80bbed000 	C:\WINDOWS\system32\msvcrt.dll
0x00007ff80b1b0000 - 0x00007ff80b20b000 	C:\WINDOWS\system32\sechost.dll
0x00007ff80b360000 - 0x00007ff80b486000 	C:\WINDOWS\system32\RPCRT4.dll
0x00007ff80ad60000 - 0x00007ff80aeae000 	C:\WINDOWS\system32\USER32.dll
0x00007ff80d1c0000 - 0x00007ff80d346000 	C:\WINDOWS\system32\GDI32.dll
0x00007ffffea30000 - 0x00007ffffeca4000 	C:\WINDOWS\WinSxS\amd64_microsoft.windows.common-controls_6595b64144ccf1df_6.0.10240.16384_none_f41f7b285750ef43\COMCTL32.dll
0x00007ff80b9b0000 - 0x00007ff80b9e6000 	C:\WINDOWS\system32\IMM32.DLL
0x00007ff80b9f0000 - 0x00007ff80bb4c000 	C:\WINDOWS\system32\MSCTF.dll
0x0000000076ab0000 - 0x0000000076b82000 	C:\Program Files\Java\jdk1.8.0_60\jre\bin\msvcr100.dll
0x0000000077770000 - 0x0000000077ff9000 	C:\Program Files\Java\jdk1.8.0_60\jre\bin\server\jvm.dll
0x00007ff80d3b0000 - 0x00007ff80d3b8000 	C:\WINDOWS\system32\PSAPI.DLL
0x00007ffffe7c0000 - 0x00007ffffe7c9000 	C:\WINDOWS\SYSTEM32\WSOCK32.dll
0x00007ff80b930000 - 0x00007ff80b999000 	C:\WINDOWS\system32\WS2_32.dll
0x00007ff80b710000 - 0x00007ff80b718000 	C:\WINDOWS\system32\NSI.dll
0x00007ff807450000 - 0x00007ff807473000 	C:\WINDOWS\SYSTEM32\WINMM.dll
0x00007ff805840000 - 0x00007ff80584a000 	C:\WINDOWS\SYSTEM32\VERSION.dll
0x00007ff8072c0000 - 0x00007ff8072ec000 	C:\WINDOWS\SYSTEM32\WINMMBASE.dll
0x00007ff80a450000 - 0x00007ff80a494000 	C:\WINDOWS\system32\cfgmgr32.dll
0x00007ff808a30000 - 0x00007ff808a57000 	C:\WINDOWS\SYSTEM32\DEVOBJ.dll
0x00000000504a0000 - 0x00000000504af000 	C:\Program Files\Java\jdk1.8.0_60\jre\bin\verify.dll
0x0000000050470000 - 0x0000000050499000 	C:\Program Files\Java\jdk1.8.0_60\jre\bin\java.dll
0x0000000050450000 - 0x0000000050466000 	C:\Program Files\Java\jdk1.8.0_60\jre\bin\zip.dll
0x00007ff80bbf0000 - 0x00007ff80d158000 	C:\WINDOWS\system32\SHELL32.dll
0x00007ff80a730000 - 0x00007ff80ad58000 	C:\WINDOWS\system32\windows.storage.dll
0x00007ff80af30000 - 0x00007ff80b1ac000 	C:\WINDOWS\system32\combase.dll
0x00007ff80d160000 - 0x00007ff80d1b1000 	C:\WINDOWS\system32\shlwapi.dll
0x00007ff80a0e0000 - 0x00007ff80a0ef000 	C:\WINDOWS\system32\kernel.appcore.dll
0x00007ff80a160000 - 0x00007ff80a213000 	C:\WINDOWS\system32\shcore.dll
0x00007ff80a110000 - 0x00007ff80a15a000 	C:\WINDOWS\system32\powrprof.dll
0x00007ff80a0c0000 - 0x00007ff80a0d3000 	C:\WINDOWS\system32\profapi.dll
0x00007ff80b790000 - 0x00007ff80b84e000 	C:\WINDOWS\system32\OLEAUT32.dll

VM Arguments:
jvm_args: -Djava.awt.headless=true -Xmx1024M -Dfile.encoding=windows-1252 -Duser.country=BR -Duser.language=pt -Duser.variant 
java_command: com.android.dx.command.Main --dex --force-jumbo --num-threads=4 --multi-dex --output C:\Users\Andre\AndroidStudioProjects\blue_gears\app\build\intermediates\transforms\dex\debug\folders\1000\10\com.android.support-support-vector-drawable-23.4.0_751d3b8808bc570d0603c763d8d970e083aac808 C:\Users\Andre\AndroidStudioProjects\blue_gears\app\build\intermediates\exploded-aar\com.android.support\support-vector-drawable\23.4.0\jars\classes.jar
java_class_path (initial): C:\Users\Andre\AppData\Local\Android\sdk\build-tools\23.0.3\lib\dx.jar
Launcher Type: SUN_STANDARD

Environment Variables:
PATH=C:\Program Files (x86)\Borland\Delphi7\Bin;C:\Program Files (x86)\Borland\Delphi7\Projects\Bpl\;C:\ProgramData\Oracle\Java\javapath;C:\Program Files (x86)\Intel\iCLS Client\;C:\Program Files\Intel\iCLS Client\;C:\WINDOWS\system32;C:\WINDOWS;C:\WINDOWS\System32\Wbem;C:\WINDOWS\System32\WindowsPowerShell\v1.0\;C:\Program Files\Intel\Intel(R) Management Engine Components\DAL;C:\Program Files (x86)\Intel\Intel(R) Management Engine Components\DAL;C:\Program Files\Intel\Intel(R) Management Engine Components\IPT;C:\Program Files (x86)\Intel\Intel(R) Management Engine Components\IPT;c:\Program Files (x86)\ATI Technologies\ATI.ACE\Core-Static;C:\Program Files\nodejs\;C:\Program Files (x86)\ATI Technologies\ATI.ACE\Core-Static;C:\Users\Andre\.dnx\bin;C:\Program Files\Microsoft DNX\Dnvm\;C:\Program Files (x86)\Windows Kits\10\Windows Performance Toolkit\;C:\Program Files (x86)\MiKTeX 2.9\miktex\bin\;C:\Program Files\Wolfram Research\Mathematica\10.1\;C:\Program Files (x86)\Skype\Phone\;C:\Program Files\MATLAB\MATLAB Production Server\R2015a\runtime\win64;C:\Program Files\MATLAB\MATLAB Production Server\R2015a\bin;C:\Program Files\MATLAB\MATLAB Production Server\R2015a\polyspace\bin;C:\Users\Andre\AppData\Roaming\npm
USERNAME=Andre
OS=Windows_NT
PROCESSOR_IDENTIFIER=Intel64 Family 6 Model 61 Stepping 4, GenuineIntel



---------------  S Y S T E M  ---------------

OS: Windows 10.0 , 64 bit Build 10240 (10.0.10240.16384)

CPU:total 4 (2 cores per cpu, 2 threads per core) family 6 model 61 stepping 4, cmov, cx8, fxsr, mmx, sse, sse2, sse3, ssse3, sse4.1, sse4.2, popcnt, avx, avx2, aes, clmul, erms, 3dnowpref, lzcnt, ht, tsc, tscinvbit, bmi1, bmi2, adx

Memory: 4k page, physical 8301008k(1024552k free), swap 8341968k(5300k free)

vm_info: Java HotSpot(TM) 64-Bit Server VM (25.60-b23) for windows-amd64 JRE (1.8.0_60-b27), built on Aug  4 2015 11:06:27 by "java_re" with MS VC++ 10.0 (VS2010)

time: Wed Jun 01 19:33:24 2016
elapsed time: 1 seconds (0d 0h 0m 1s)

