#
# There is insufficient memory for the Java Runtime Environment to continue.
# Native memory allocation (malloc) failed to allocate 1573776 bytes for Chunk::new
# Possible reasons:
#   The system is out of physical RAM or swap space
#   In 32 bit mode, the process size limit was hit
# Possible solutions:
#   Reduce memory load on the system
#   Increase physical memory or swap space
#   Check if swap backing store is full
#   Use 64 bit Java on a 64 bit OS
#   Decrease Java heap size (-Xmx/-Xms)
#   Decrease number of Java threads
#   Decrease Java thread stack sizes (-Xss)
#   Set larger code cache with -XX:ReservedCodeCacheSize=
# This output file may be truncated or incomplete.
#
#  Out of Memory Error (allocation.cpp:390), pid=11432, tid=9724
#
# JRE version: Java(TM) SE Runtime Environment (8.0_60-b27) (build 1.8.0_60-b27)
# Java VM: Java HotSpot(TM) 64-Bit Server VM (25.60-b23 mixed mode windows-amd64 compressed oops)
# Failed to write core dump. Minidumps are not enabled by default on client versions of Windows
#

---------------  T H R E A D  ---------------

Current thread (0x000000001543b800):  JavaThread "C2 CompilerThread0" daemon [_thread_in_native, id=9724, stack(0x0000000016aa0000,0x0000000016ba0000)]

Stack: [0x0000000016aa0000,0x0000000016ba0000]
[error occurred during error reporting (printing stack bounds), id 0xc0000005]

Native frames: (J=compiled Java code, j=interpreted, Vv=VM code, C=native code)


Current CompileTask:
C2:   7849 2252   !   4       com.android.dx.cf.code.Ropper::processBlock (1101 bytes)


---------------  P R O C E S S  ---------------

Java Threads: ( => current thread )
  0x0000000016ff7000 JavaThread "pool-1-thread-1" [_thread_in_Java, id=12984, stack(0x00000000173a0000,0x00000000174a0000)]
  0x0000000016da7000 JavaThread "Service Thread" daemon [_thread_blocked, id=9624, stack(0x00000000171a0000,0x00000000172a0000)]
  0x000000001549a800 JavaThread "C1 CompilerThread2" daemon [_thread_blocked, id=11404, stack(0x0000000016ca0000,0x0000000016da0000)]
  0x0000000015442000 JavaThread "C2 CompilerThread1" daemon [_thread_in_native, id=7700, stack(0x0000000016ba0000,0x0000000016ca0000)]
=>0x000000001543b800 JavaThread "C2 CompilerThread0" daemon [_thread_in_native, id=9724, stack(0x0000000016aa0000,0x0000000016ba0000)]
  0x0000000015439800 JavaThread "Attach Listener" daemon [_thread_blocked, id=14168, stack(0x00000000169a0000,0x0000000016aa0000)]
  0x0000000015438000 JavaThread "Signal Dispatcher" daemon [_thread_blocked, id=11972, stack(0x00000000168a0000,0x00000000169a0000)]
  0x0000000002d61800 JavaThread "Finalizer" daemon [_thread_blocked, id=12284, stack(0x00000000166a0000,0x00000000167a0000)]
  0x0000000002d5e000 JavaThread "Reference Handler" daemon [_thread_blocked, id=6696, stack(0x00000000165a0000,0x00000000166a0000)]
  0x00000000012cd800 JavaThread "main" [_thread_blocked, id=10724, stack(0x0000000002a70000,0x0000000002b70000)]

Other Threads:
  0x0000000015408000 VMThread [stack: 0x00000000164a0000,0x00000000165a0000] [id=8992]
  0x0000000016dd4000 WatcherThread [stack: 0x00000000172a0000,0x00000000173a0000] [id=6488]

VM state:not at safepoint (normal execution)

VM Mutex/Monitor currently owned by a thread: None

Heap:
 PSYoungGen      total 290816K, used 76931K [0x00000000eab00000, 0x00000000fef00000, 0x0000000100000000)
  eden space 262144K, 19% used [0x00000000eab00000,0x00000000eddb2b08,0x00000000fab00000)
  from space 28672K, 87% used [0x00000000fcb00000,0x00000000fe36e130,0x00000000fe700000)
  to   space 32768K, 0% used [0x00000000fab00000,0x00000000fab00000,0x00000000fcb00000)
 ParOldGen       total 87552K, used 44795K [0x00000000c0000000, 0x00000000c5580000, 0x00000000eab00000)
  object space 87552K, 51% used [0x00000000c0000000,0x00000000c2bbed88,0x00000000c5580000)
 Metaspace       used 6608K, capacity 7256K, committed 7424K, reserved 1056768K
  class space    used 629K, capacity 656K, committed 768K, reserved 1048576K

Card table byte_map: [0x0000000012130000,0x0000000012340000] byte_map_base: 0x0000000011b30000

Marking Bits: (ParMarkBitMap*) 0x0000000077f7a5b0
 Begin Bits: [0x00000000128a0000, 0x00000000138a0000)
 End Bits:   [0x00000000138a0000, 0x00000000148a0000)

Polling page: 0x0000000001260000

CodeCache: size=245760Kb used=9892Kb max_used=9892Kb free=235867Kb
 bounds [0x0000000002d70000, 0x0000000003730000, 0x0000000011d70000]
 total_blobs=2470 nmethods=2200 adapters=182
 compilation: enabled

Compilation events (10 events):
Event: 7.827 Thread 0x000000001549a800 nmethod 2304% 0x000000000371f450 code [0x000000000371f640, 0x0000000003720158]
Event: 7.845 Thread 0x000000001549a800 2305       2       com.android.dx.dex.file.AnnotationSetItem::hashCode (8 bytes)
Event: 7.845 Thread 0x000000001549a800 nmethod 2305 0x00000000037205d0 code [0x0000000003720740, 0x00000000037208c8]
Event: 7.845 Thread 0x000000001549a800 2306       2       com.android.dx.rop.annotation.Annotations::hashCode (8 bytes)
Event: 7.845 Thread 0x000000001549a800 nmethod 2306 0x00000000037209d0 code [0x0000000003720b40, 0x0000000003720ca8]
Event: 7.846 Thread 0x000000001549a800 2307       2       com.android.dx.dex.file.OffsettedItem::equals (45 bytes)
Event: 7.846 Thread 0x000000001549a800 nmethod 2307 0x0000000003720d90 code [0x0000000003720f20, 0x0000000003721188]
Event: 7.846 Thread 0x000000001549a800 2308       2       com.android.dx.dex.file.AnnotationSetItem::itemType (4 bytes)
Event: 7.846 Thread 0x000000001549a800 nmethod 2308 0x0000000003721290 code [0x00000000037213e0, 0x0000000003721530]
Event: 7.847 Thread 0x000000001549a800 2309       2       java.util.HashMap::put (13 bytes)

GC Heap History (10 events):
Event: 2.810 GC heap before
{Heap before GC invocations=2 (full 0):
 PSYoungGen      total 38400K, used 38311K [0x00000000eab00000, 0x00000000ef600000, 0x0000000100000000)
  eden space 33280K, 100% used [0x00000000eab00000,0x00000000ecb80000,0x00000000ecb80000)
  from space 5120K, 98% used [0x00000000ecb80000,0x00000000ed069d78,0x00000000ed080000)
  to   space 5120K, 0% used [0x00000000ef100000,0x00000000ef100000,0x00000000ef600000)
 ParOldGen       total 87552K, used 16K [0x00000000c0000000, 0x00000000c5580000, 0x00000000eab00000)
  object space 87552K, 0% used [0x00000000c0000000,0x00000000c0004000,0x00000000c5580000)
 Metaspace       used 6182K, capacity 7088K, committed 7296K, reserved 1056768K
  class space    used 601K, capacity 616K, committed 640K, reserved 1048576K
Event: 2.828 GC heap after
Heap after GC invocations=2 (full 0):
 PSYoungGen      total 71680K, used 5091K [0x00000000eab00000, 0x00000000ef600000, 0x0000000100000000)
  eden space 66560K, 0% used [0x00000000eab00000,0x00000000eab00000,0x00000000eec00000)
  from space 5120K, 99% used [0x00000000ef100000,0x00000000ef5f8cb8,0x00000000ef600000)
  to   space 5120K, 0% used [0x00000000eec00000,0x00000000eec00000,0x00000000ef100000)
 ParOldGen       total 87552K, used 3096K [0x00000000c0000000, 0x00000000c5580000, 0x00000000eab00000)
  object space 87552K, 3% used [0x00000000c0000000,0x00000000c03063f0,0x00000000c5580000)
 Metaspace       used 6182K, capacity 7088K, committed 7296K, reserved 1056768K
  class space    used 601K, capacity 616K, committed 640K, reserved 1048576K
}
Event: 4.553 GC heap before
{Heap before GC invocations=3 (full 0):
 PSYoungGen      total 71680K, used 71651K [0x00000000eab00000, 0x00000000ef600000, 0x0000000100000000)
  eden space 66560K, 100% used [0x00000000eab00000,0x00000000eec00000,0x00000000eec00000)
  from space 5120K, 99% used [0x00000000ef100000,0x00000000ef5f8cb8,0x00000000ef600000)
  to   space 5120K, 0% used [0x00000000eec00000,0x00000000eec00000,0x00000000ef100000)
 ParOldGen       total 87552K, used 3096K [0x00000000c0000000, 0x00000000c5580000, 0x00000000eab00000)
  object space 87552K, 3% used [0x00000000c0000000,0x00000000c03063f0,0x00000000c5580000)
 Metaspace       used 6280K, capacity 7152K, committed 7296K, reserved 1056768K
  class space    used 603K, capacity 616K, committed 640K, reserved 1048576K
Event: 4.622 GC heap after
Heap after GC invocations=3 (full 0):
 PSYoungGen      total 71680K, used 5089K [0x00000000eab00000, 0x00000000f3700000, 0x0000000100000000)
  eden space 66560K, 0% used [0x00000000eab00000,0x00000000eab00000,0x00000000eec00000)
  from space 5120K, 99% used [0x00000000eec00000,0x00000000ef0f85c8,0x00000000ef100000)
  to   space 5120K, 0% used [0x00000000f3200000,0x00000000f3200000,0x00000000f3700000)
 ParOldGen       total 87552K, used 12681K [0x00000000c0000000, 0x00000000c5580000, 0x00000000eab00000)
  object space 87552K, 14% used [0x00000000c0000000,0x00000000c0c62420,0x00000000c5580000)
 Metaspace       used 6280K, capacity 7152K, committed 7296K, reserved 1056768K
  class space    used 603K, capacity 616K, committed 640K, reserved 1048576K
}
Event: 5.959 GC heap before
{Heap before GC invocations=4 (full 0):
 PSYoungGen      total 71680K, used 71649K [0x00000000eab00000, 0x00000000f3700000, 0x0000000100000000)
  eden space 66560K, 100% used [0x00000000eab00000,0x00000000eec00000,0x00000000eec00000)
  from space 5120K, 99% used [0x00000000eec00000,0x00000000ef0f85c8,0x00000000ef100000)
  to   space 5120K, 0% used [0x00000000f3200000,0x00000000f3200000,0x00000000f3700000)
 ParOldGen       total 87552K, used 12681K [0x00000000c0000000, 0x00000000c5580000, 0x00000000eab00000)
  object space 87552K, 14% used [0x00000000c0000000,0x00000000c0c62420,0x00000000c5580000)
 Metaspace       used 6347K, capacity 7152K, committed 7296K, reserved 1056768K
  class space    used 603K, capacity 616K, committed 640K, reserved 1048576K
Event: 5.989 GC heap after
Heap after GC invocations=4 (full 0):
 PSYoungGen      total 138240K, used 5101K [0x00000000eab00000, 0x00000000f3700000, 0x0000000100000000)
  eden space 133120K, 0% used [0x00000000eab00000,0x00000000eab00000,0x00000000f2d00000)
  from space 5120K, 99% used [0x00000000f3200000,0x00000000f36fb530,0x00000000f3700000)
  to   space 5120K, 0% used [0x00000000f2d00000,0x00000000f2d00000,0x00000000f3200000)
 ParOldGen       total 87552K, used 23153K [0x00000000c0000000, 0x00000000c5580000, 0x00000000eab00000)
  object space 87552K, 26% used [0x00000000c0000000,0x00000000c169c570,0x00000000c5580000)
 Metaspace       used 6347K, capacity 7152K, committed 7296K, reserved 1056768K
  class space    used 603K, capacity 616K, committed 640K, reserved 1048576K
}
Event: 6.856 GC heap before
{Heap before GC invocations=5 (full 0):
 PSYoungGen      total 138240K, used 138221K [0x00000000eab00000, 0x00000000f3700000, 0x0000000100000000)
  eden space 133120K, 100% used [0x00000000eab00000,0x00000000f2d00000,0x00000000f2d00000)
  from space 5120K, 99% used [0x00000000f3200000,0x00000000f36fb530,0x00000000f3700000)
  to   space 5120K, 0% used [0x00000000f2d00000,0x00000000f2d00000,0x00000000f3200000)
 ParOldGen       total 87552K, used 23153K [0x00000000c0000000, 0x00000000c5580000, 0x00000000eab00000)
  object space 87552K, 26% used [0x00000000c0000000,0x00000000c169c570,0x00000000c5580000)
 Metaspace       used 6515K, capacity 7256K, committed 7424K, reserved 1056768K
  class space    used 623K, capacity 656K, committed 768K, reserved 1048576K
Event: 6.912 GC heap after
Heap after GC invocations=5 (full 0):
 PSYoungGen      total 138240K, used 5101K [0x00000000eab00000, 0x00000000fe700000, 0x0000000100000000)
  eden space 133120K, 0% used [0x00000000eab00000,0x00000000eab00000,0x00000000f2d00000)
  from space 5120K, 99% used [0x00000000f2d00000,0x00000000f31fb4c0,0x00000000f3200000)
  to   space 28672K, 0% used [0x00000000fcb00000,0x00000000fcb00000,0x00000000fe700000)
 ParOldGen       total 87552K, used 44795K [0x00000000c0000000, 0x00000000c5580000, 0x00000000eab00000)
  object space 87552K, 51% used [0x00000000c0000000,0x00000000c2bbed88,0x00000000c5580000)
 Metaspace       used 6515K, capacity 7256K, committed 7424K, reserved 1056768K
  class space    used 623K, capacity 656K, committed 768K, reserved 1048576K
}
Event: 7.502 GC heap before
{Heap before GC invocations=6 (full 0):
 PSYoungGen      total 138240K, used 138221K [0x00000000eab00000, 0x00000000fe700000, 0x0000000100000000)
  eden space 133120K, 100% used [0x00000000eab00000,0x00000000f2d00000,0x00000000f2d00000)
  from space 5120K, 99% used [0x00000000f2d00000,0x00000000f31fb4c0,0x00000000f3200000)
  to   space 28672K, 0% used [0x00000000fcb00000,0x00000000fcb00000,0x00000000fe700000)
 ParOldGen       total 87552K, used 44795K [0x00000000c0000000, 0x00000000c5580000, 0x00000000eab00000)
  object space 87552K, 51% used [0x00000000c0000000,0x00000000c2bbed88,0x00000000c5580000)
 Metaspace       used 6534K, capacity 7256K, committed 7424K, reserved 1056768K
  class space    used 623K, capacity 656K, committed 768K, reserved 1048576K
Event: 7.562 GC heap after
Heap after GC invocations=6 (full 0):
 PSYoungGen      total 290816K, used 25016K [0x00000000eab00000, 0x00000000fef00000, 0x0000000100000000)
  eden space 262144K, 0% used [0x00000000eab00000,0x00000000eab00000,0x00000000fab00000)
  from space 28672K, 87% used [0x00000000fcb00000,0x00000000fe36e130,0x00000000fe700000)
  to   space 32768K, 0% used [0x00000000fab00000,0x00000000fab00000,0x00000000fcb00000)
 ParOldGen       total 87552K, used 44795K [0x00000000c0000000, 0x00000000c5580000, 0x00000000eab00000)
  object space 87552K, 51% used [0x00000000c0000000,0x00000000c2bbed88,0x00000000c5580000)
 Metaspace       used 6534K, capacity 7256K, committed 7424K, reserved 1056768K
  class space    used 623K, capacity 656K, committed 768K, reserved 1048576K
}

Deoptimization events (10 events):
Event: 6.680 Thread 0x0000000017053800 Uncommon trap: reason=bimorphic action=maybe_recompile pc=0x00000000034acdc4 method=com.android.dx.ssa.LiteralOpUpgrader.tryReplacingWithConstant(Lcom/android/dx/ssa/NormalSsaInsn;)Z @ 62
Event: 6.680 Thread 0x0000000017053800 Uncommon trap: reason=unstable_if action=reinterpret pc=0x00000000035c7c6c method=com.android.dx.ssa.LiteralOpUpgrader$1.visitNonMoveInsn(Lcom/android/dx/ssa/NormalSsaInsn;)V @ 24
Event: 6.684 Thread 0x0000000017053800 Uncommon trap: reason=bimorphic action=maybe_recompile pc=0x00000000034acdc4 method=com.android.dx.ssa.LiteralOpUpgrader.tryReplacingWithConstant(Lcom/android/dx/ssa/NormalSsaInsn;)Z @ 62
Event: 6.921 Thread 0x0000000017054800 Uncommon trap: reason=unstable_if action=reinterpret pc=0x000000000362aa04 method=java.util.HashMap.putVal(ILjava/lang/Object;Ljava/lang/Object;ZZ)Ljava/lang/Object; @ 109
Event: 7.588 Thread 0x0000000017053800 Uncommon trap: reason=unstable_if action=reinterpret pc=0x000000000348e658 method=java.util.HashMap.resize()[Ljava/util/HashMap$Node; @ 206
Event: 7.793 Thread 0x0000000016ff7000 Uncommon trap: reason=class_check action=maybe_recompile pc=0x00000000031ae288 method=java.util.Arrays.hashCode([Ljava/lang/Object;)I @ 43
Event: 7.793 Thread 0x0000000016ff7000 Uncommon trap: reason=class_check action=maybe_recompile pc=0x00000000031ae288 method=java.util.Arrays.hashCode([Ljava/lang/Object;)I @ 43
Event: 7.793 Thread 0x0000000016ff7000 Uncommon trap: reason=class_check action=maybe_recompile pc=0x00000000031ae288 method=java.util.Arrays.hashCode([Ljava/lang/Object;)I @ 43
Event: 7.794 Thread 0x0000000016ff7000 Uncommon trap: reason=class_check action=maybe_recompile pc=0x00000000031ae288 method=java.util.Arrays.hashCode([Ljava/lang/Object;)I @ 43
Event: 7.847 Thread 0x0000000016ff7000 Uncommon trap: reason=class_check action=maybe_recompile pc=0x0000000003204d00 method=java.util.HashMap.putVal(ILjava/lang/Object;Ljava/lang/Object;ZZ)Ljava/lang/Object; @ 203

Internal exceptions (7 events):
Event: 0.120 Thread 0x00000000012cd800 Exception <a 'java/lang/NoSuchMethodError': Method sun.misc.Unsafe.defineClass(Ljava/lang/String;[BII)Ljava/lang/Class; name or signature does not match> (0x00000000eab0db08) thrown at [C:\re\workspace\8-2-build-windows-amd64-cygwin\jdk8u60\4407\hotspot\srsó$õ´¦¾?
Event: 0.120 Thread 0x00000000012cd800 Exception <a 'java/lang/NoSuchMethodError': Method sun.misc.Unsafe.prefetchRead(Ljava/lang/Object;J)V name or signature does not match> (0x00000000eab0ddf0) thrown at [C:\re\workspace\8-2-build-windows-amd64-cygwin\jdk8u60\4407\hotspot\src\share\vm\prims\j™ïêQ	¶
Event: 2.089 Thread 0x0000000017053000 Implicit null exception at 0x00000000030889e2 to 0x0000000003088ae9
Event: 6.227 Thread 0x0000000017053800 Implicit null exception at 0x00000000033574e5 to 0x0000000003358a29
Event: 6.573 Thread 0x0000000017053800 Exception <a 'java/lang/ArrayIndexOutOfBoundsException': 18> (0x00000000efd533f8) thrown at [C:\re\workspace\8-2-build-windows-amd64-cygwin\jdk8u60\4407\hotspot\src\share\vm\interpreter\interpreterRuntime.cpp, line 366]
Event: 6.574 Thread 0x0000000017053800 Exception <a 'java/lang/ArrayIndexOutOfBoundsException'> (0x00000000efd54f78) thrown at [C:\re\workspace\8-2-build-windows-amd64-cygwin\jdk8u60\4407\hotspot\src\share\vm\runtime\sharedRuntime.cpp, line 605]
Event: 6.574 Thread 0x0000000017053800 Exception <a 'java/lang/ArrayIndexOutOfBoundsException'> (0x00000000efd56260) thrown at [C:\re\workspace\8-2-build-windows-amd64-cygwin\jdk8u60\4407\hotspot\src\share\vm\runtime\sharedRuntime.cpp, line 605]

Events (10 events):
Event: 7.793 Thread 0x0000000016ff7000 DEOPT PACKING pc=0x00000000031ae288 sp=0x000000001749e840
Event: 7.794 Thread 0x0000000016ff7000 DEOPT UNPACKING pc=0x0000000002db582a sp=0x000000001749e770 mode 2
Event: 7.794 Thread 0x0000000016ff7000 Uncommon trap: trap_request=0xffffffde fr.pc=0x00000000031ae288
Event: 7.794 Thread 0x0000000016ff7000 DEOPT PACKING pc=0x00000000031ae288 sp=0x000000001749e7f0
Event: 7.794 Thread 0x0000000016ff7000 DEOPT UNPACKING pc=0x0000000002db582a sp=0x000000001749e720 mode 2
Event: 7.794 loading class com/android/dx/rop/cst/Zeroes
Event: 7.794 loading class com/android/dx/rop/cst/Zeroes done
Event: 7.847 Thread 0x0000000016ff7000 Uncommon trap: trap_request=0xffffffde fr.pc=0x0000000003204d00
Event: 7.847 Thread 0x0000000016ff7000 DEOPT PACKING pc=0x0000000003204d00 sp=0x000000001749e910
Event: 7.847 Thread 0x0000000016ff7000 DEOPT UNPACKING pc=0x0000000002db582a sp=0x000000001749e830 mode 2


Dynamic libraries:
0x00007ff7d1980000 - 0x00007ff7d19b7000 	C:\Program Files\Java\jdk1.8.0_60\bin\java.exe
0x00007ff80d6d0000 - 0x00007ff80d892000 	C:\WINDOWS\SYSTEM32\ntdll.dll
0x00007ff80d620000 - 0x00007ff80d6cd000 	C:\WINDOWS\system32\KERNEL32.DLL
0x00007ff80a550000 - 0x00007ff80a72d000 	C:\WINDOWS\system32\KERNELBASE.dll
0x00007ff80b490000 - 0x00007ff80b536000 	C:\WINDOWS\system32\ADVAPI32.dll
0x00007ff80bb50000 - 0x00007ff80bbed000 	C:\WINDOWS\system32\msvcrt.dll
0x00007ff80b1b0000 - 0x00007ff80b20b000 	C:\WINDOWS\system32\sechost.dll
0x00007ff80b360000 - 0x00007ff80b486000 	C:\WINDOWS\system32\RPCRT4.dll
0x00007ff80ad60000 - 0x00007ff80aeae000 	C:\WINDOWS\system32\USER32.dll
0x00007ff80d1c0000 - 0x00007ff80d346000 	C:\WINDOWS\system32\GDI32.dll
0x00007ffffea30000 - 0x00007ffffeca4000 	C:\WINDOWS\WinSxS\amd64_microsoft.windows.common-controls_6595b64144ccf1df_6.0.10240.16384_none_f41f7b285750ef43\COMCTL32.dll
0x00007ff80b9b0000 - 0x00007ff80b9e6000 	C:\WINDOWS\system32\IMM32.DLL
0x00007ff80b9f0000 - 0x00007ff80bb4c000 	C:\WINDOWS\system32\MSCTF.dll
0x0000000076ab0000 - 0x0000000076b82000 	C:\Program Files\Java\jdk1.8.0_60\jre\bin\msvcr100.dll
0x0000000077770000 - 0x0000000077ff9000 	C:\Program Files\Java\jdk1.8.0_60\jre\bin\server\jvm.dll
0x00007ff80d3b0000 - 0x00007ff80d3b8000 	C:\WINDOWS\system32\PSAPI.DLL
0x00007ffffe7c0000 - 0x00007ffffe7c9000 	C:\WINDOWS\SYSTEM32\WSOCK32.dll
0x00007ff80b930000 - 0x00007ff80b999000 	C:\WINDOWS\system32\WS2_32.dll
0x00007ff80b710000 - 0x00007ff80b718000 	C:\WINDOWS\system32\NSI.dll
0x00007ff807450000 - 0x00007ff807473000 	C:\WINDOWS\SYSTEM32\WINMM.dll
0x00007ff805840000 - 0x00007ff80584a000 	C:\WINDOWS\SYSTEM32\VERSION.dll
0x00007ff8072c0000 - 0x00007ff8072ec000 	C:\WINDOWS\SYSTEM32\WINMMBASE.dll
0x00007ff80a450000 - 0x00007ff80a494000 	C:\WINDOWS\system32\cfgmgr32.dll
0x00007ff808a30000 - 0x00007ff808a57000 	C:\WINDOWS\SYSTEM32\DEVOBJ.dll
0x00000000504a0000 - 0x00000000504af000 	C:\Program Files\Java\jdk1.8.0_60\jre\bin\verify.dll
0x0000000050470000 - 0x0000000050499000 	C:\Program Files\Java\jdk1.8.0_60\jre\bin\java.dll
0x0000000050450000 - 0x0000000050466000 	C:\Program Files\Java\jdk1.8.0_60\jre\bin\zip.dll
0x00007ff80bbf0000 - 0x00007ff80d158000 	C:\WINDOWS\system32\SHELL32.dll
0x00007ff80a730000 - 0x00007ff80ad58000 	C:\WINDOWS\system32\windows.storage.dll
0x00007ff80af30000 - 0x00007ff80b1ac000 	C:\WINDOWS\system32\combase.dll
0x00007ff80d160000 - 0x00007ff80d1b1000 	C:\WINDOWS\system32\shlwapi.dll
0x00007ff80a0e0000 - 0x00007ff80a0ef000 	C:\WINDOWS\system32\kernel.appcore.dll
0x00007ff80a160000 - 0x00007ff80a213000 	C:\WINDOWS\system32\shcore.dll
0x00007ff80a110000 - 0x00007ff80a15a000 	C:\WINDOWS\system32\powrprof.dll
0x00007ff80a0c0000 - 0x00007ff80a0d3000 	C:\WINDOWS\system32\profapi.dll
0x00007ff80b790000 - 0x00007ff80b84e000 	C:\WINDOWS\system32\OLEAUT32.dll

VM Arguments:
jvm_args: -Djava.awt.headless=true -Xmx1024M -Dfile.encoding=windows-1252 -Duser.country=BR -Duser.language=pt -Duser.variant 
java_command: com.android.dx.command.Main --dex --force-jumbo --num-threads=4 --multi-dex --output C:\Users\Andre\AndroidStudioProjects\blue_gears\app\build\intermediates\transforms\dex\debug\folders\1000\10\com.android.support-support-v4-23.4.0_4175fcb49cfee7af9ba0e3efbb5fcd9075d71020 C:\Users\Andre\AndroidStudioProjects\blue_gears\app\build\intermediates\exploded-aar\com.android.support\support-v4\23.4.0\jars\classes.jar
java_class_path (initial): C:\Users\Andre\AppData\Local\Android\sdk\build-tools\23.0.3\lib\dx.jar
Launcher Type: SUN_STANDARD

Environment Variables:
PATH=C:\Program Files (x86)\Borland\Delphi7\Bin;C:\Program Files (x86)\Borland\Delphi7\Projects\Bpl\;C:\ProgramData\Oracle\Java\javapath;C:\Program Files (x86)\Intel\iCLS Client\;C:\Program Files\Intel\iCLS Client\;C:\WINDOWS\system32;C:\WINDOWS;C:\WINDOWS\System32\Wbem;C:\WINDOWS\System32\WindowsPowerShell\v1.0\;C:\Program Files\Intel\Intel(R) Management Engine Components\DAL;C:\Program Files (x86)\Intel\Intel(R) Management Engine Components\DAL;C:\Program Files\Intel\Intel(R) Management Engine Components\IPT;C:\Program Files (x86)\Intel\Intel(R) Management Engine Components\IPT;c:\Program Files (x86)\ATI Technologies\ATI.ACE\Core-Static;C:\Program Files\nodejs\;C:\Program Files (x86)\ATI Technologies\ATI.ACE\Core-Static;C:\Users\Andre\.dnx\bin;C:\Program Files\Microsoft DNX\Dnvm\;C:\Program Files (x86)\Windows Kits\10\Windows Performance Toolkit\;C:\Program Files (x86)\MiKTeX 2.9\miktex\bin\;C:\Program Files\Wolfram Research\Mathematica\10.1\;C:\Program Files (x86)\Skype\Phone\;C:\Program Files\MATLAB\MATLAB Production Server\R2015a\runtime\win64;C:\Program Files\MATLAB\MATLAB Production Server\R2015a\bin;C:\Program Files\MATLAB\MATLAB Production Server\R2015a\polyspace\bin;C:\Users\Andre\AppData\Roaming\npm
USERNAME=Andre
OS=Windows_NT
PROCESSOR_IDENTIFIER=Intel64 Family 6 Model 61 Stepping 4, GenuineIntel



---------------  S Y S T E M  ---------------

OS: Windows 10.0 , 64 bit Build 10240 (10.0.10240.16384)

CPU:total 4 (2 cores per cpu, 2 threads per core) family 6 model 61 stepping 4, cmov, cx8, fxsr, mmx, sse, sse2, sse3, ssse3, sse4.1, sse4.2, popcnt, avx, avx2, aes, clmul, erms, 3dnowpref, lzcnt, ht, tsc, tscinvbit, bmi1, bmi2, adx

Memory: 4k page, physical 8301008k(1540768k free), swap 8341968k(5988k free)

vm_info: Java HotSpot(TM) 64-Bit Server VM (25.60-b23) for windows-amd64 JRE (1.8.0_60-b27), built on Aug  4 2015 11:06:27 by "java_re" with MS VC++ 10.0 (VS2010)

time: Wed Jun 01 19:44:39 2016
elapsed time: 7 seconds (0d 0h 0m 7s)

