#
# There is insufficient memory for the Java Runtime Environment to continue.
# Native memory allocation (malloc) failed to allocate 1048576 bytes for AllocateHeap
# Possible reasons:
#   The system is out of physical RAM or swap space
#   In 32 bit mode, the process size limit was hit
# Possible solutions:
#   Reduce memory load on the system
#   Increase physical memory or swap space
#   Check if swap backing store is full
#   Use 64 bit Java on a 64 bit OS
#   Decrease Java heap size (-Xmx/-Xms)
#   Decrease number of Java threads
#   Decrease Java thread stack sizes (-Xss)
#   Set larger code cache with -XX:ReservedCodeCacheSize=
# This output file may be truncated or incomplete.
#
#  Out of Memory Error (memory/allocation.inline.hpp:61), pid=4476, tid=13156
#
# JRE version:  (8.0_60-b27) (build )
# Java VM: Java HotSpot(TM) 64-Bit Server VM (25.60-b23 mixed mode windows-amd64 compressed oops)
# Failed to write core dump. Minidumps are not enabled by default on client versions of Windows
#

---------------  T H R E A D  ---------------

Current thread (0x0000000002e8d800):  JavaThread "Unknown thread" [_thread_in_vm, id=13156, stack(0x0000000002cc0000,0x0000000002dc0000)]

Stack: [0x0000000002cc0000,0x0000000002dc0000]
[error occurred during error reporting (printing stack bounds), id 0xc0000005]

Native frames: (J=compiled Java code, j=interpreted, Vv=VM code, C=native code)


---------------  P R O C E S S  ---------------

Java Threads: ( => current thread )

Other Threads:

=>0x0000000002e8d800 (exited) JavaThread "Unknown thread" [_thread_in_vm, id=13156, stack(0x0000000002cc0000,0x0000000002dc0000)]

VM state:not at safepoint (normal execution)

VM Mutex/Monitor currently owned by a thread: None

Heap:
 PSYoungGen      total 38400K, used 665K [0x00000000eab00000, 0x00000000ed580000, 0x0000000100000000)
  eden space 33280K, 2% used [0x00000000eab00000,0x00000000eaba6670,0x00000000ecb80000)
  from space 5120K, 0% used [0x00000000ed080000,0x00000000ed080000,0x00000000ed580000)
  to   space 5120K, 0% used [0x00000000ecb80000,0x00000000ecb80000,0x00000000ed080000)
 ParOldGen       total 87552K, used 0K [0x00000000c0000000, 0x00000000c5580000, 0x00000000eab00000)
  object space 87552K, 0% used [0x00000000c0000000,0x00000000c0000000,0x00000000c5580000)
 Metaspace       used 767K, capacity 4480K, committed 4480K, reserved 1056768K
  class space    used 75K, capacity 384K, committed 384K, reserved 1048576K

Card table byte_map: [0x0000000012350000,0x0000000012560000] byte_map_base: 0x0000000011d50000

Marking Bits: (ParMarkBitMap*) 0x0000000077f7a5b0
 Begin Bits: [0x0000000012ac0000, 0x0000000013ac0000)
 End Bits:   [0x0000000013ac0000, 0x0000000014ac0000)

Polling page: 0x0000000002dc0000

CodeCache: size=245760Kb used=328Kb max_used=328Kb free=245431Kb
 bounds [0x0000000002f90000, 0x0000000003200000, 0x0000000011f90000]
 total_blobs=57 nmethods=0 adapters=37
 compilation: enabled

Compilation events (0 events):
No events

GC Heap History (0 events):
No events

Deoptimization events (0 events):
No events

Internal exceptions (0 events):
No events

Events (10 events):
Event: 0.118 loading class java/lang/Short
Event: 0.118 loading class java/lang/Short done
Event: 0.118 loading class java/lang/Integer
Event: 0.118 loading class java/lang/Integer done
Event: 0.118 loading class java/lang/Long
Event: 0.118 loading class java/lang/Long done
Event: 0.130 loading class java/lang/NullPointerException
Event: 0.130 loading class java/lang/NullPointerException done
Event: 0.130 loading class java/lang/ArithmeticException
Event: 0.130 loading class java/lang/ArithmeticException done


Dynamic libraries:
0x00007ff7d1980000 - 0x00007ff7d19b7000 	C:\Program Files\Java\jdk1.8.0_60\bin\java.exe
0x00007ff80d6d0000 - 0x00007ff80d892000 	C:\WINDOWS\SYSTEM32\ntdll.dll
0x00007ff80d620000 - 0x00007ff80d6cd000 	C:\WINDOWS\system32\KERNEL32.DLL
0x00007ff80a550000 - 0x00007ff80a72d000 	C:\WINDOWS\system32\KERNELBASE.dll
0x00007ff80b490000 - 0x00007ff80b536000 	C:\WINDOWS\system32\ADVAPI32.dll
0x00007ff80bb50000 - 0x00007ff80bbed000 	C:\WINDOWS\system32\msvcrt.dll
0x00007ff80b1b0000 - 0x00007ff80b20b000 	C:\WINDOWS\system32\sechost.dll
0x00007ff80b360000 - 0x00007ff80b486000 	C:\WINDOWS\system32\RPCRT4.dll
0x00007ff80ad60000 - 0x00007ff80aeae000 	C:\WINDOWS\system32\USER32.dll
0x00007ff80d1c0000 - 0x00007ff80d346000 	C:\WINDOWS\system32\GDI32.dll
0x00007ffffea30000 - 0x00007ffffeca4000 	C:\WINDOWS\WinSxS\amd64_microsoft.windows.common-controls_6595b64144ccf1df_6.0.10240.16384_none_f41f7b285750ef43\COMCTL32.dll
0x00007ff80b9b0000 - 0x00007ff80b9e6000 	C:\WINDOWS\system32\IMM32.DLL
0x00007ff80b9f0000 - 0x00007ff80bb4c000 	C:\WINDOWS\system32\MSCTF.dll
0x0000000076ab0000 - 0x0000000076b82000 	C:\Program Files\Java\jdk1.8.0_60\jre\bin\msvcr100.dll
0x0000000077770000 - 0x0000000077ff9000 	C:\Program Files\Java\jdk1.8.0_60\jre\bin\server\jvm.dll
0x00007ff80d3b0000 - 0x00007ff80d3b8000 	C:\WINDOWS\system32\PSAPI.DLL
0x00007ffffe7c0000 - 0x00007ffffe7c9000 	C:\WINDOWS\SYSTEM32\WSOCK32.dll
0x00007ff80b930000 - 0x00007ff80b999000 	C:\WINDOWS\system32\WS2_32.dll
0x00007ff80b710000 - 0x00007ff80b718000 	C:\WINDOWS\system32\NSI.dll
0x00007ff807450000 - 0x00007ff807473000 	C:\WINDOWS\SYSTEM32\WINMM.dll
0x00007ff805840000 - 0x00007ff80584a000 	C:\WINDOWS\SYSTEM32\VERSION.dll
0x00007ff8072c0000 - 0x00007ff8072ec000 	C:\WINDOWS\SYSTEM32\WINMMBASE.dll
0x00007ff80a450000 - 0x00007ff80a494000 	C:\WINDOWS\system32\cfgmgr32.dll
0x00007ff808a30000 - 0x00007ff808a57000 	C:\WINDOWS\SYSTEM32\DEVOBJ.dll
0x00000000504a0000 - 0x00000000504af000 	C:\Program Files\Java\jdk1.8.0_60\jre\bin\verify.dll
0x0000000050470000 - 0x0000000050499000 	C:\Program Files\Java\jdk1.8.0_60\jre\bin\java.dll
0x0000000050450000 - 0x0000000050466000 	C:\Program Files\Java\jdk1.8.0_60\jre\bin\zip.dll

VM Arguments:
jvm_args: -Djava.awt.headless=true -Xmx1024M -Dfile.encoding=windows-1252 -Duser.country=BR -Duser.language=pt -Duser.variant 
java_command: com.android.dx.command.Main --dex --force-jumbo --num-threads=4 --multi-dex --output C:\Users\Andre\AndroidStudioProjects\blue_gears\app\build\intermediates\transforms\dex\debug\folders\1000\5\slice_9 C:\Users\Andre\AndroidStudioProjects\blue_gears\app\build\intermediates\transforms\instantRunSlicer\debug\folders\1\5\slice_9
java_class_path (initial): C:\Users\Andre\AppData\Local\Android\sdk\build-tools\23.0.3\lib\dx.jar
Launcher Type: SUN_STANDARD

Environment Variables:
PATH=C:\Program Files (x86)\Borland\Delphi7\Bin;C:\Program Files (x86)\Borland\Delphi7\Projects\Bpl\;C:\ProgramData\Oracle\Java\javapath;C:\Program Files (x86)\Intel\iCLS Client\;C:\Program Files\Intel\iCLS Client\;C:\WINDOWS\system32;C:\WINDOWS;C:\WINDOWS\System32\Wbem;C:\WINDOWS\System32\WindowsPowerShell\v1.0\;C:\Program Files\Intel\Intel(R) Management Engine Components\DAL;C:\Program Files (x86)\Intel\Intel(R) Management Engine Components\DAL;C:\Program Files\Intel\Intel(R) Management Engine Components\IPT;C:\Program Files (x86)\Intel\Intel(R) Management Engine Components\IPT;c:\Program Files (x86)\ATI Technologies\ATI.ACE\Core-Static;C:\Program Files\nodejs\;C:\Program Files (x86)\ATI Technologies\ATI.ACE\Core-Static;C:\Users\Andre\.dnx\bin;C:\Program Files\Microsoft DNX\Dnvm\;C:\Program Files (x86)\Windows Kits\10\Windows Performance Toolkit\;C:\Program Files (x86)\MiKTeX 2.9\miktex\bin\;C:\Program Files\Wolfram Research\Mathematica\10.1\;C:\Program Files (x86)\Skype\Phone\;C:\Program Files\MATLAB\MATLAB Production Server\R2015a\runtime\win64;C:\Program Files\MATLAB\MATLAB Production Server\R2015a\bin;C:\Program Files\MATLAB\MATLAB Production Server\R2015a\polyspace\bin;C:\Users\Andre\AppData\Roaming\npm
USERNAME=Andre
OS=Windows_NT
PROCESSOR_IDENTIFIER=Intel64 Family 6 Model 61 Stepping 4, GenuineIntel



---------------  S Y S T E M  ---------------

OS: Windows 10.0 , 64 bit Build 10240 (10.0.10240.16384)

CPU:total 4 (2 cores per cpu, 2 threads per core) family 6 model 61 stepping 4, cmov, cx8, fxsr, mmx, sse, sse2, sse3, ssse3, sse4.1, sse4.2, popcnt, avx, avx2, aes, clmul, erms, 3dnowpref, lzcnt, ht, tsc, tscinvbit, bmi1, bmi2, adx

Memory: 4k page, physical 8301008k(1540308k free), swap 8341968k(4464k free)

vm_info: Java HotSpot(TM) 64-Bit Server VM (25.60-b23) for windows-amd64 JRE (1.8.0_60-b27), built on Aug  4 2015 11:06:27 by "java_re" with MS VC++ 10.0 (VS2010)

time: Wed Jun 01 19:44:39 2016
elapsed time: 0 seconds (0d 0h 0m 0s)

