#
# There is insufficient memory for the Java Runtime Environment to continue.
# Native memory allocation (malloc) failed to allocate 32744 bytes for ChunkPool::allocate
# Possible reasons:
#   The system is out of physical RAM or swap space
#   In 32 bit mode, the process size limit was hit
# Possible solutions:
#   Reduce memory load on the system
#   Increase physical memory or swap space
#   Check if swap backing store is full
#   Use 64 bit Java on a 64 bit OS
#   Decrease Java heap size (-Xmx/-Xms)
#   Decrease number of Java threads
#   Decrease Java thread stack sizes (-Xss)
#   Set larger code cache with -XX:ReservedCodeCacheSize=
# This output file may be truncated or incomplete.
#
#  Out of Memory Error (allocation.cpp:273), pid=4880, tid=744
#
# JRE version: Java(TM) SE Runtime Environment (8.0_60-b27) (build 1.8.0_60-b27)
# Java VM: Java HotSpot(TM) 64-Bit Server VM (25.60-b23 mixed mode windows-amd64 compressed oops)
# Failed to write core dump. Minidumps are not enabled by default on client versions of Windows
#

---------------  T H R E A D  ---------------

Current thread (0x0000000015561000):  JavaThread "C2 CompilerThread1" daemon [_thread_in_native, id=744, stack(0x0000000016cb0000,0x0000000016db0000)]

Stack: [0x0000000016cb0000,0x0000000016db0000]
[error occurred during error reporting (printing stack bounds), id 0xc0000005]

Native frames: (J=compiled Java code, j=interpreted, Vv=VM code, C=native code)


Current CompileTask:
C2:   7572 1210   !   4       com.android.dx.cf.cst.ConstantPoolParser::parse0 (731 bytes)


---------------  P R O C E S S  ---------------

Java Threads: ( => current thread )
  0x00000000170fa800 JavaThread "pool-2-thread-4" [_thread_blocked, id=7896, stack(0x00000000180b0000,0x00000000181b0000)]
  0x00000000170f9800 JavaThread "pool-2-thread-3" [_thread_blocked, id=3740, stack(0x0000000017fb0000,0x00000000180b0000)]
  0x00000000170f9000 JavaThread "pool-2-thread-2" [_thread_blocked, id=660, stack(0x0000000017eb0000,0x0000000017fb0000)]
  0x00000000170f6000 JavaThread "pool-3-thread-1" [_thread_blocked, id=3868, stack(0x0000000017db0000,0x0000000017eb0000)]
  0x00000000170f5800 JavaThread "pool-2-thread-1" [_thread_blocked, id=1660, stack(0x0000000017cb0000,0x0000000017db0000)]
  0x00000000155be000 JavaThread "Service Thread" daemon [_thread_blocked, id=2952, stack(0x00000000172b0000,0x00000000173b0000)]
  0x00000000155b9800 JavaThread "C1 CompilerThread2" daemon [_thread_in_native, id=1528, stack(0x0000000016db0000,0x0000000016eb0000)]
=>0x0000000015561000 JavaThread "C2 CompilerThread1" daemon [_thread_in_native, id=744, stack(0x0000000016cb0000,0x0000000016db0000)]
  0x000000001555a800 JavaThread "C2 CompilerThread0" daemon [_thread_in_vm, id=2956, stack(0x0000000016bb0000,0x0000000016cb0000)]
  0x0000000015558800 JavaThread "Attach Listener" daemon [_thread_blocked, id=4868, stack(0x0000000016ab0000,0x0000000016bb0000)]
  0x0000000015557000 JavaThread "Signal Dispatcher" daemon [_thread_blocked, id=4336, stack(0x00000000169b0000,0x0000000016ab0000)]
  0x0000000002e81800 JavaThread "Finalizer" daemon [_thread_blocked, id=1096, stack(0x00000000167b0000,0x00000000168b0000)]
  0x0000000002e7e000 JavaThread "Reference Handler" daemon [_thread_blocked, id=3708, stack(0x00000000166b0000,0x00000000167b0000)]
  0x0000000002acd800 JavaThread "main" [_thread_in_Java, id=340, stack(0x0000000002b90000,0x0000000002c90000)]

Other Threads:
  0x0000000015528000 VMThread [stack: 0x00000000165b0000,0x00000000166b0000] [id=1508]
  0x0000000016ebb800 WatcherThread [stack: 0x00000000173b0000,0x00000000174b0000] [id=4572]

VM state:not at safepoint (normal execution)

VM Mutex/Monitor currently owned by a thread: None

Heap:
 PSYoungGen      total 38400K, used 18974K [0x00000000eab00000, 0x00000000ef600000, 0x0000000100000000)
  eden space 33280K, 41% used [0x00000000eab00000,0x00000000eb88a588,0x00000000ecb80000)
  from space 5120K, 99% used [0x00000000ecb80000,0x00000000ed07d5b0,0x00000000ed080000)
  to   space 5120K, 0% used [0x00000000ef100000,0x00000000ef100000,0x00000000ef600000)
 ParOldGen       total 87552K, used 996K [0x00000000c0000000, 0x00000000c5580000, 0x00000000eab00000)
  object space 87552K, 1% used [0x00000000c0000000,0x00000000c00f9388,0x00000000c5580000)
 Metaspace       used 6042K, capacity 6960K, committed 7040K, reserved 1056768K
  class space    used 602K, capacity 616K, committed 640K, reserved 1048576K

Card table byte_map: [0x0000000012250000,0x0000000012460000] byte_map_base: 0x0000000011c50000

Marking Bits: (ParMarkBitMap*) 0x000000005a0da5b0
 Begin Bits: [0x00000000129c0000, 0x00000000139c0000)
 End Bits:   [0x00000000139c0000, 0x00000000149c0000)

Polling page: 0x0000000002aa0000

CodeCache: size=245760Kb used=4917Kb max_used=4923Kb free=240842Kb
 bounds [0x0000000002e90000, 0x0000000003370000, 0x0000000011e90000]
 total_blobs=1496 nmethods=1227 adapters=182
 compilation: enabled

Compilation events (10 events):
Event: 7.086 Thread 0x000000001555a800 1213       4       java.util.HashMap::<init> (11 bytes)
Event: 7.087 Thread 0x000000001555a800 nmethod 1213 0x0000000003299d50 code [0x0000000003299e80, 0x0000000003299ed8]
Event: 7.087 Thread 0x000000001555a800 1212       4       com.android.dx.util.LabeledList::set (45 bytes)
Event: 7.100 Thread 0x000000001555a800 nmethod 1212 0x0000000003360b90 code [0x0000000003360d20, 0x00000000033613c8]
Event: 7.100 Thread 0x000000001555a800 1214       4       com.android.dx.util.BitIntSet::add (15 bytes)
Event: 7.103 Thread 0x000000001555a800 nmethod 1214 0x000000000335cbd0 code [0x000000000335cd20, 0x000000000335cf58]
Event: 7.103 Thread 0x000000001555a800 1190       4       java.lang.AbstractStringBuilder::append (50 bytes)
Event: 7.110 Thread 0x000000001555a800 nmethod 1190 0x000000000335e210 code [0x000000000335e360, 0x000000000335e718]
Event: 7.110 Thread 0x000000001555a800 1211       4       com.android.dx.rop.code.BasicBlockList$RegCountVisitor::visitPlainInsn (6 bytes)
Event: 7.116 Thread 0x000000001555a800 nmethod 1211 0x000000000335d8d0 code [0x000000000335da40, 0x000000000335dcf8]

GC Heap History (2 events):
Event: 5.949 GC heap before
{Heap before GC invocations=1 (full 0):
 PSYoungGen      total 38400K, used 33280K [0x00000000eab00000, 0x00000000ed580000, 0x0000000100000000)
  eden space 33280K, 100% used [0x00000000eab00000,0x00000000ecb80000,0x00000000ecb80000)
  from space 5120K, 0% used [0x00000000ed080000,0x00000000ed080000,0x00000000ed580000)
  to   space 5120K, 0% used [0x00000000ecb80000,0x00000000ecb80000,0x00000000ed080000)
 ParOldGen       total 87552K, used 0K [0x00000000c0000000, 0x00000000c5580000, 0x00000000eab00000)
  object space 87552K, 0% used [0x00000000c0000000,0x00000000c0000000,0x00000000c5580000)
 Metaspace       used 5979K, capacity 6896K, committed 7040K, reserved 1056768K
  class space    used 602K, capacity 616K, committed 640K, reserved 1048576K
Event: 6.772 GC heap after
Heap after GC invocations=1 (full 0):
 PSYoungGen      total 38400K, used 5109K [0x00000000eab00000, 0x00000000ef600000, 0x0000000100000000)
  eden space 33280K, 0% used [0x00000000eab00000,0x00000000eab00000,0x00000000ecb80000)
  from space 5120K, 99% used [0x00000000ecb80000,0x00000000ed07d5b0,0x00000000ed080000)
  to   space 5120K, 0% used [0x00000000ef100000,0x00000000ef100000,0x00000000ef600000)
 ParOldGen       total 87552K, used 996K [0x00000000c0000000, 0x00000000c5580000, 0x00000000eab00000)
  object space 87552K, 1% used [0x00000000c0000000,0x00000000c00f9388,0x00000000c5580000)
 Metaspace       used 5979K, capacity 6896K, committed 7040K, reserved 1056768K
  class space    used 602K, capacity 616K, committed 640K, reserved 1048576K
}

Deoptimization events (6 events):
Event: 1.481 Thread 0x0000000002acd800 Uncommon trap: reason=unstable_if action=reinterpret pc=0x0000000002ff0914 method=java.lang.String.compareTo(Ljava/lang/String;)I @ 38
Event: 3.868 Thread 0x00000000170fa800 Uncommon trap: reason=unstable_if action=reinterpret pc=0x00000000030dce70 method=java.util.BitSet.nextSetBit(I)I @ 87
Event: 4.272 Thread 0x00000000170f5800 Uncommon trap: reason=null_check action=make_not_entrant pc=0x0000000003152e28 method=com.android.dx.rop.type.Type.equals(Ljava/lang/Object;)Z @ 8
Event: 4.539 Thread 0x00000000170fa800 Uncommon trap: reason=null_check action=make_not_entrant pc=0x00000000031bae9c method=com.android.dx.ssa.SsaRenamer.getLocalForNewReg(I)Lcom/android/dx/rop/code/LocalItem; @ 19
Event: 4.544 Thread 0x00000000170fa800 Uncommon trap: reason=unstable_if action=reinterpret pc=0x000000000324e3ac method=com.android.dx.rop.code.RegisterSpecSet.put(Lcom/android/dx/rop/code/RegisterSpec;)V @ 77
Event: 4.591 Thread 0x0000000002acd800 Uncommon trap: reason=null_check action=make_not_entrant pc=0x00000000031a8f40 method=com.android.dx.ssa.SsaRenamer.getLocalForNewReg(I)Lcom/android/dx/rop/code/LocalItem; @ 19

Internal exceptions (5 events):
Event: 0.294 Thread 0x0000000002acd800 Exception <a 'java/lang/NoSuchMethodError': Method sun.misc.Unsafe.defineClass(Ljava/lang/String;[BII)Ljava/lang/Class; name or signature does not match> (0x00000000eab0db10) thrown at [C:\re\workspace\8-2-build-windows-amd64-cygwin\jdk8u60\4407\hotspot\sr"–ŒWò”“?
Event: 0.294 Thread 0x0000000002acd800 Exception <a 'java/lang/NoSuchMethodError': Method sun.misc.Unsafe.prefetchRead(Ljava/lang/Object;J)V name or signature does not match> (0x00000000eab0ddf8) thrown at [C:\re\workspace\8-2-build-windows-amd64-cygwin\jdk8u60\4407\hotspot\src\share\vm\prims\j!Çhâj@
Event: 4.272 Thread 0x00000000170f5800 Implicit null exception at 0x0000000003152d22 to 0x0000000003152e1a
Event: 4.539 Thread 0x00000000170fa800 Implicit null exception at 0x00000000031b8cc7 to 0x00000000031bae59
Event: 4.591 Thread 0x0000000002acd800 Implicit null exception at 0x00000000031a722a to 0x00000000031a8f19

Events (10 events):
Event: 4.544 Thread 0x00000000170fa800 DEOPT UNPACKING pc=0x0000000002ed582a sp=0x00000000181aed98 mode 2
Event: 4.549 loading class com/android/dx/dex/file/FieldAnnotationStruct
Event: 4.549 loading class com/android/dx/dex/file/FieldAnnotationStruct done
Event: 4.591 Thread 0x0000000002acd800 Uncommon trap: trap_request=0xfffffff4 fr.pc=0x00000000031a8f40
Event: 4.591 Thread 0x0000000002acd800 DEOPT PACKING pc=0x00000000031a8f40 sp=0x0000000002c8e690
Event: 4.591 Thread 0x0000000002acd800 DEOPT UNPACKING pc=0x0000000002ed582a sp=0x0000000002c8e538 mode 2
Event: 5.030 Executing VM operation: EnableBiasedLocking
Event: 5.697 Executing VM operation: EnableBiasedLocking done
Event: 5.791 Executing VM operation: ParallelGCFailedAllocation
Event: 6.772 Executing VM operation: ParallelGCFailedAllocation done


Dynamic libraries:
0x00007ff6ac550000 - 0x00007ff6ac587000 	C:\Program Files\Java\jdk1.8.0_60\bin\java.exe
0x00007ffe51d70000 - 0x00007ffe51f32000 	C:\WINDOWS\SYSTEM32\ntdll.dll
0x00007ffe51140000 - 0x00007ffe511ed000 	C:\WINDOWS\system32\KERNEL32.DLL
0x00007ffe4f220000 - 0x00007ffe4f3fd000 	C:\WINDOWS\system32\KERNELBASE.dll
0x00007ffe4f4e0000 - 0x00007ffe4f586000 	C:\WINDOWS\system32\ADVAPI32.dll
0x00007ffe51cd0000 - 0x00007ffe51d6d000 	C:\WINDOWS\system32\msvcrt.dll
0x00007ffe4fa60000 - 0x00007ffe4fabb000 	C:\WINDOWS\system32\sechost.dll
0x00007ffe511f0000 - 0x00007ffe51316000 	C:\WINDOWS\system32\RPCRT4.dll
0x00007ffe4f880000 - 0x00007ffe4f9ce000 	C:\WINDOWS\system32\USER32.dll
0x00007ffe4f6f0000 - 0x00007ffe4f876000 	C:\WINDOWS\system32\GDI32.dll
0x00007ffe44390000 - 0x00007ffe44604000 	C:\WINDOWS\WinSxS\amd64_microsoft.windows.common-controls_6595b64144ccf1df_6.0.10240.16384_none_f41f7b285750ef43\COMCTL32.dll
0x00007ffe51630000 - 0x00007ffe51666000 	C:\WINDOWS\system32\IMM32.DLL
0x00007ffe4f590000 - 0x00007ffe4f6ec000 	C:\WINDOWS\system32\MSCTF.dll
0x0000000059400000 - 0x00000000594d2000 	C:\Program Files\Java\jdk1.8.0_60\jre\bin\msvcr100.dll
0x00000000598d0000 - 0x000000005a159000 	C:\Program Files\Java\jdk1.8.0_60\jre\bin\server\jvm.dll
0x00007ffe51320000 - 0x00007ffe51328000 	C:\WINDOWS\system32\PSAPI.DLL
0x00007ffe40150000 - 0x00007ffe40159000 	C:\WINDOWS\SYSTEM32\WSOCK32.dll
0x00007ffe51500000 - 0x00007ffe51569000 	C:\WINDOWS\system32\WS2_32.dll
0x00007ffe514f0000 - 0x00007ffe514f8000 	C:\WINDOWS\system32\NSI.dll
0x00007ffe4c7d0000 - 0x00007ffe4c7f3000 	C:\WINDOWS\SYSTEM32\WINMM.dll
0x00007ffe45450000 - 0x00007ffe4545a000 	C:\WINDOWS\SYSTEM32\VERSION.dll
0x00007ffe4c650000 - 0x00007ffe4c67c000 	C:\WINDOWS\SYSTEM32\WINMMBASE.dll
0x00007ffe4f170000 - 0x00007ffe4f1b4000 	C:\WINDOWS\system32\cfgmgr32.dll
0x00007ffe4d0d0000 - 0x00007ffe4d0f7000 	C:\WINDOWS\SYSTEM32\DEVOBJ.dll
0x00000000598c0000 - 0x00000000598cf000 	C:\Program Files\Java\jdk1.8.0_60\jre\bin\verify.dll
0x0000000059890000 - 0x00000000598b9000 	C:\Program Files\Java\jdk1.8.0_60\jre\bin\java.dll
0x0000000059870000 - 0x0000000059886000 	C:\Program Files\Java\jdk1.8.0_60\jre\bin\zip.dll
0x00007ffe4fac0000 - 0x00007ffe51028000 	C:\WINDOWS\system32\SHELL32.dll
0x00007ffe4eb40000 - 0x00007ffe4f168000 	C:\WINDOWS\system32\windows.storage.dll
0x00007ffe51a50000 - 0x00007ffe51ccc000 	C:\WINDOWS\system32\combase.dll
0x00007ffe4f9d0000 - 0x00007ffe4fa21000 	C:\WINDOWS\system32\shlwapi.dll
0x00007ffe4e7f0000 - 0x00007ffe4e7ff000 	C:\WINDOWS\system32\kernel.appcore.dll
0x00007ffe4e8b0000 - 0x00007ffe4e963000 	C:\WINDOWS\system32\shcore.dll
0x00007ffe4e7a0000 - 0x00007ffe4e7ea000 	C:\WINDOWS\system32\powrprof.dll
0x00007ffe4e760000 - 0x00007ffe4e773000 	C:\WINDOWS\system32\profapi.dll
0x00007ffe51570000 - 0x00007ffe5162e000 	C:\WINDOWS\system32\OLEAUT32.dll

VM Arguments:
jvm_args: -Djava.awt.headless=true -Xmx1024M -Dfile.encoding=windows-1252 -Duser.country=BR -Duser.language=pt -Duser.variant 
java_command: com.android.dx.command.Main --dex --force-jumbo --num-threads=4 --multi-dex --output C:\Users\Andre\AndroidStudioProjects\blue_gears\app\build\intermediates\transforms\dex\debug\folders\1000\10\com.android.support-appcompat-v7-23.4.0_d7f0f91578c26d1628495bf4753dd9c95da71c2c C:\Users\Andre\AndroidStudioProjects\blue_gears\app\build\intermediates\exploded-aar\com.android.support\appcompat-v7\23.4.0\jars\classes.jar
java_class_path (initial): C:\Users\Andre\AppData\Local\Android\sdk\build-tools\23.0.3\lib\dx.jar
Launcher Type: SUN_STANDARD

Environment Variables:
PATH=C:\Program Files (x86)\Borland\Delphi7\Bin;C:\Program Files (x86)\Borland\Delphi7\Projects\Bpl\;C:\ProgramData\Oracle\Java\javapath;C:\Program Files (x86)\Intel\iCLS Client\;C:\Program Files\Intel\iCLS Client\;C:\WINDOWS\system32;C:\WINDOWS;C:\WINDOWS\System32\Wbem;C:\WINDOWS\System32\WindowsPowerShell\v1.0\;C:\Program Files\Intel\Intel(R) Management Engine Components\DAL;C:\Program Files (x86)\Intel\Intel(R) Management Engine Components\DAL;C:\Program Files\Intel\Intel(R) Management Engine Components\IPT;C:\Program Files (x86)\Intel\Intel(R) Management Engine Components\IPT;c:\Program Files (x86)\ATI Technologies\ATI.ACE\Core-Static;C:\Program Files\nodejs\;C:\Program Files (x86)\ATI Technologies\ATI.ACE\Core-Static;C:\Users\Andre\.dnx\bin;C:\Program Files\Microsoft DNX\Dnvm\;C:\Program Files (x86)\Windows Kits\10\Windows Performance Toolkit\;C:\Program Files (x86)\MiKTeX 2.9\miktex\bin\;C:\Program Files\Wolfram Research\Mathematica\10.1\;C:\Program Files (x86)\Skype\Phone\;C:\Program Files\MATLAB\MATLAB Production Server\R2015a\runtime\win64;C:\Program Files\MATLAB\MATLAB Production Server\R2015a\bin;C:\Program Files\MATLAB\MATLAB Production Server\R2015a\polyspace\bin;C:\Users\Andre\AppData\Roaming\npm
USERNAME=Andre
OS=Windows_NT
PROCESSOR_IDENTIFIER=Intel64 Family 6 Model 61 Stepping 4, GenuineIntel



---------------  S Y S T E M  ---------------

OS: Windows 10.0 , 64 bit Build 10240 (10.0.10240.16384)

CPU:total 4 (2 cores per cpu, 2 threads per core) family 6 model 61 stepping 4, cmov, cx8, fxsr, mmx, sse, sse2, sse3, ssse3, sse4.1, sse4.2, popcnt, avx, avx2, aes, clmul, erms, 3dnowpref, lzcnt, ht, tsc, tscinvbit, bmi1, bmi2, adx

Memory: 4k page, physical 8301008k(1503704k free), swap 8341968k(3512k free)

vm_info: Java HotSpot(TM) 64-Bit Server VM (25.60-b23) for windows-amd64 JRE (1.8.0_60-b27), built on Aug  4 2015 11:06:27 by "java_re" with MS VC++ 10.0 (VS2010)

time: Fri Jun 03 09:38:29 2016
elapsed time: 7 seconds (0d 0h 0m 7s)

